  [1m[35m (4498.0ms)[0m  [1m[35mCREATE DATABASE "Todo_backend_development" ENCODING = 'unicode'[0m
  ↳ bin/rails:9
  [1m[35m (7.2ms)[0m  [1m[35mCREATE DATABASE "Todo_backend_development" ENCODING = 'unicode'[0m
  ↳ bin/rails:9
  [1m[35m (5494.4ms)[0m  [1m[35mCREATE DATABASE "Todo_backend_test" ENCODING = 'unicode'[0m
  ↳ bin/rails:9
  [1m[35m (330.8ms)[0m  [1m[35mCREATE TABLE "schema_migrations" ("version" character varying NOT NULL PRIMARY KEY)[0m
  ↳ bin/rails:9
  [1m[35m (65.3ms)[0m  [1m[35mCREATE TABLE "ar_internal_metadata" ("key" character varying NOT NULL PRIMARY KEY, "value" character varying, "created_at" timestamp NOT NULL, "updated_at" timestamp NOT NULL)[0m
  ↳ bin/rails:9
  [1m[35m (5.7ms)[0m  [1m[34mSELECT pg_try_advisory_lock(1791092570830163160)[0m
  ↳ bin/rails:9
  [1m[35m (20.7ms)[0m  [1m[34mSELECT "schema_migrations"."version" FROM "schema_migrations" ORDER BY "schema_migrations"."version" ASC[0m
  ↳ bin/rails:9
Migrating to CreateTodos (20201130225410)
  [1m[35m (6.8ms)[0m  [1m[35mBEGIN[0m
  ↳ bin/rails:9
  [1m[35m (141.8ms)[0m  [1m[35mCREATE TABLE "todos" ("id" bigserial primary key, "title" character varying NOT NULL, "body" character varying NOT NULL, "done" boolean NOT NULL, "created_at" timestamp NOT NULL, "updated_at" timestamp NOT NULL)[0m
  ↳ db/migrate/20201130225410_create_todos.rb:3
  [1m[36mActiveRecord::SchemaMigration Create (29.2ms)[0m  [1m[32mINSERT INTO "schema_migrations" ("version") VALUES ($1) RETURNING "version"[0m  [["version", "20201130225410"]]
  ↳ bin/rails:9
  [1m[35m (27.1ms)[0m  [1m[35mCOMMIT[0m
  ↳ bin/rails:9
  [1m[36mActiveRecord::InternalMetadata Load (0.5ms)[0m  [1m[34mSELECT  "ar_internal_metadata".* FROM "ar_internal_metadata" WHERE "ar_internal_metadata"."key" = $1 LIMIT $2[0m  [["key", "environment"], ["LIMIT", 1]]
  ↳ bin/rails:9
  [1m[35m (0.2ms)[0m  [1m[35mBEGIN[0m
  ↳ bin/rails:9
  [1m[36mActiveRecord::InternalMetadata Create (5.3ms)[0m  [1m[32mINSERT INTO "ar_internal_metadata" ("key", "value", "created_at", "updated_at") VALUES ($1, $2, $3, $4) RETURNING "key"[0m  [["key", "environment"], ["value", "development"], ["created_at", "2020-11-30 22:57:26.830870"], ["updated_at", "2020-11-30 22:57:26.830870"]]
  ↳ bin/rails:9
  [1m[35m (0.5ms)[0m  [1m[35mCOMMIT[0m
  ↳ bin/rails:9
  [1m[35m (0.4ms)[0m  [1m[34mSELECT pg_advisory_unlock(1791092570830163160)[0m
  ↳ bin/rails:9
  [1m[35m (0.5ms)[0m  [1m[34mSELECT "schema_migrations"."version" FROM "schema_migrations" ORDER BY "schema_migrations"."version" ASC[0m
  ↳ bin/rails:9
  [1m[35m (2.6ms)[0m  [1m[34mSELECT "schema_migrations"."version" FROM "schema_migrations" ORDER BY "schema_migrations"."version" ASC[0m
  ↳ bin/rails:9
  [1m[36mTodo Load (7.5ms)[0m  [1m[34mSELECT "todos".* FROM "todos"[0m
  ↳ db/seeds.rb:8
  [1m[35m (0.2ms)[0m  [1m[35mBEGIN[0m
  ↳ db/seeds.rb:11
  [1m[36mTodo Create (14.7ms)[0m  [1m[32mINSERT INTO "todos" ("title", "body", "done", "created_at", "updated_at") VALUES ($1, $2, $3, $4, $5) RETURNING "id"[0m  [["title", "expand"], ["body", "8-bit vhs craft beer yolo jean shorts plaid swag taxidermy mlkshk."], ["done", false], ["created_at", "2020-11-30 23:26:40.252987"], ["updated_at", "2020-11-30 23:26:40.252987"]]
  ↳ db/seeds.rb:11
  [1m[35m (15.0ms)[0m  [1m[35mCOMMIT[0m
  ↳ db/seeds.rb:11
  [1m[35m (0.2ms)[0m  [1m[35mBEGIN[0m
  ↳ db/seeds.rb:11
  [1m[36mTodo Create (0.4ms)[0m  [1m[32mINSERT INTO "todos" ("title", "body", "done", "created_at", "updated_at") VALUES ($1, $2, $3, $4, $5) RETURNING "id"[0m  [["title", "sample"], ["body", "Selfies pop-up pug direct trade."], ["done", false], ["created_at", "2020-11-30 23:26:40.309121"], ["updated_at", "2020-11-30 23:26:40.309121"]]
  ↳ db/seeds.rb:11
  [1m[35m (0.4ms)[0m  [1m[35mCOMMIT[0m
  ↳ db/seeds.rb:11
  [1m[35m (0.1ms)[0m  [1m[35mBEGIN[0m
  ↳ db/seeds.rb:11
  [1m[36mTodo Create (0.4ms)[0m  [1m[32mINSERT INTO "todos" ("title", "body", "done", "created_at", "updated_at") VALUES ($1, $2, $3, $4, $5) RETURNING "id"[0m  [["title", "begin"], ["body", "Paleo tilde post-ironic disrupt wolf gastropub trust fund retro wes anderson."], ["done", false], ["created_at", "2020-11-30 23:26:40.311290"], ["updated_at", "2020-11-30 23:26:40.311290"]]
  ↳ db/seeds.rb:11
  [1m[35m (0.7ms)[0m  [1m[35mCOMMIT[0m
  ↳ db/seeds.rb:11
  [1m[35m (0.2ms)[0m  [1m[35mBEGIN[0m
  ↳ db/seeds.rb:11
  [1m[36mTodo Create (0.7ms)[0m  [1m[32mINSERT INTO "todos" ("title", "body", "done", "created_at", "updated_at") VALUES ($1, $2, $3, $4, $5) RETURNING "id"[0m  [["title", "continue"], ["body", "Quinoa kale chips listicle brooklyn vinyl."], ["done", false], ["created_at", "2020-11-30 23:26:40.314790"], ["updated_at", "2020-11-30 23:26:40.314790"]]
  ↳ db/seeds.rb:11
  [1m[35m (0.5ms)[0m  [1m[35mCOMMIT[0m
  ↳ db/seeds.rb:11
  [1m[35m (0.1ms)[0m  [1m[35mBEGIN[0m
  ↳ db/seeds.rb:11
  [1m[36mTodo Create (0.4ms)[0m  [1m[32mINSERT INTO "todos" ("title", "body", "done", "created_at", "updated_at") VALUES ($1, $2, $3, $4, $5) RETURNING "id"[0m  [["title", "violate"], ["body", "Swag loko pitchfork etsy."], ["done", false], ["created_at", "2020-11-30 23:26:40.318268"], ["updated_at", "2020-11-30 23:26:40.318268"]]
  ↳ db/seeds.rb:11
  [1m[35m (0.4ms)[0m  [1m[35mCOMMIT[0m
  ↳ db/seeds.rb:11
  [1m[35m (0.4ms)[0m  [1m[35mBEGIN[0m
  ↳ db/seeds.rb:11
  [1m[36mTodo Create (0.9ms)[0m  [1m[32mINSERT INTO "todos" ("title", "body", "done", "created_at", "updated_at") VALUES ($1, $2, $3, $4, $5) RETURNING "id"[0m  [["title", "befall"], ["body", "Austin organic plaid mumblecore ramps art party cornhole."], ["done", false], ["created_at", "2020-11-30 23:26:40.321903"], ["updated_at", "2020-11-30 23:26:40.321903"]]
  ↳ db/seeds.rb:11
  [1m[35m (0.4ms)[0m  [1m[35mCOMMIT[0m
  ↳ db/seeds.rb:11
  [1m[35m (0.2ms)[0m  [1m[35mBEGIN[0m
  ↳ db/seeds.rb:11
  [1m[36mTodo Create (0.4ms)[0m  [1m[32mINSERT INTO "todos" ("title", "body", "done", "created_at", "updated_at") VALUES ($1, $2, $3, $4, $5) RETURNING "id"[0m  [["title", "contrive"], ["body", "Swag lomo try-hard lo-fi put a bird on it meggings wes anderson celiac."], ["done", false], ["created_at", "2020-11-30 23:26:40.325723"], ["updated_at", "2020-11-30 23:26:40.325723"]]
  ↳ db/seeds.rb:11
  [1m[35m (5.7ms)[0m  [1m[35mCOMMIT[0m
  ↳ db/seeds.rb:11
  [1m[35m (0.2ms)[0m  [1m[35mBEGIN[0m
  ↳ db/seeds.rb:11
  [1m[36mTodo Create (15.5ms)[0m  [1m[32mINSERT INTO "todos" ("title", "body", "done", "created_at", "updated_at") VALUES ($1, $2, $3, $4, $5) RETURNING "id"[0m  [["title", "wave"], ["body", "Swag helvetica vinegar cliche."], ["done", false], ["created_at", "2020-11-30 23:26:40.333861"], ["updated_at", "2020-11-30 23:26:40.333861"]]
  ↳ db/seeds.rb:11
  [1m[35m (6.9ms)[0m  [1m[35mCOMMIT[0m
  ↳ db/seeds.rb:11
  [1m[35m (0.2ms)[0m  [1m[35mBEGIN[0m
  ↳ db/seeds.rb:11
  [1m[36mTodo Create (0.4ms)[0m  [1m[32mINSERT INTO "todos" ("title", "body", "done", "created_at", "updated_at") VALUES ($1, $2, $3, $4, $5) RETURNING "id"[0m  [["title", "mark"], ["body", "Green juice yolo echo chillwave flexitarian put a bird on it kale chips pour-over."], ["done", false], ["created_at", "2020-11-30 23:26:40.360840"], ["updated_at", "2020-11-30 23:26:40.360840"]]
  ↳ db/seeds.rb:11
  [1m[35m (6.5ms)[0m  [1m[35mCOMMIT[0m
  ↳ db/seeds.rb:11
  [1m[35m (0.2ms)[0m  [1m[35mBEGIN[0m
  ↳ db/seeds.rb:11
  [1m[36mTodo Create (0.6ms)[0m  [1m[32mINSERT INTO "todos" ("title", "body", "done", "created_at", "updated_at") VALUES ($1, $2, $3, $4, $5) RETURNING "id"[0m  [["title", "forecast"], ["body", "Drinking artisan knausgaard everyday roof vice."], ["done", false], ["created_at", "2020-11-30 23:26:40.372078"], ["updated_at", "2020-11-30 23:26:40.372078"]]
  ↳ db/seeds.rb:11
  [1m[35m (11.8ms)[0m  [1m[35mCOMMIT[0m
  ↳ db/seeds.rb:11
  [1m[35m (0.3ms)[0m  [1m[35mBEGIN[0m
  ↳ db/seeds.rb:11
  [1m[36mTodo Create (0.6ms)[0m  [1m[32mINSERT INTO "todos" ("title", "body", "done", "created_at", "updated_at") VALUES ($1, $2, $3, $4, $5) RETURNING "id"[0m  [["title", "dazzle"], ["body", "Flexitarian flannel meggings vice artisan."], ["done", false], ["created_at", "2020-11-30 23:26:40.388826"], ["updated_at", "2020-11-30 23:26:40.388826"]]
  ↳ db/seeds.rb:11
  [1m[35m (11.5ms)[0m  [1m[35mCOMMIT[0m
  ↳ db/seeds.rb:11
  [1m[35m (0.1ms)[0m  [1m[35mBEGIN[0m
  ↳ db/seeds.rb:11
  [1m[36mTodo Create (0.4ms)[0m  [1m[32mINSERT INTO "todos" ("title", "body", "done", "created_at", "updated_at") VALUES ($1, $2, $3, $4, $5) RETURNING "id"[0m  [["title", "scare"], ["body", "Pitchfork beard small batch bushwick cleanse five dollar toast raw denim 8-bit chia."], ["done", false], ["created_at", "2020-11-30 23:26:40.403445"], ["updated_at", "2020-11-30 23:26:40.403445"]]
  ↳ db/seeds.rb:11
  [1m[35m (4.4ms)[0m  [1m[35mCOMMIT[0m
  ↳ db/seeds.rb:11
  [1m[35m (0.3ms)[0m  [1m[35mBEGIN[0m
  ↳ db/seeds.rb:11
  [1m[36mTodo Create (0.7ms)[0m  [1m[32mINSERT INTO "todos" ("title", "body", "done", "created_at", "updated_at") VALUES ($1, $2, $3, $4, $5) RETURNING "id"[0m  [["title", "get"], ["body", "Irony tumblr stumptown mumblecore."], ["done", false], ["created_at", "2020-11-30 23:26:40.410237"], ["updated_at", "2020-11-30 23:26:40.410237"]]
  ↳ db/seeds.rb:11
  [1m[35m (0.4ms)[0m  [1m[35mCOMMIT[0m
  ↳ db/seeds.rb:11
  [1m[35m (0.3ms)[0m  [1m[35mBEGIN[0m
  ↳ db/seeds.rb:11
  [1m[36mTodo Create (0.5ms)[0m  [1m[32mINSERT INTO "todos" ("title", "body", "done", "created_at", "updated_at") VALUES ($1, $2, $3, $4, $5) RETURNING "id"[0m  [["title", "happen"], ["body", "Occupy church-key vinegar schlitz williamsburg flannel wolf."], ["done", false], ["created_at", "2020-11-30 23:26:40.413874"], ["updated_at", "2020-11-30 23:26:40.413874"]]
  ↳ db/seeds.rb:11
  [1m[35m (0.4ms)[0m  [1m[35mCOMMIT[0m
  ↳ db/seeds.rb:11
  [1m[35m (0.2ms)[0m  [1m[35mBEGIN[0m
  ↳ db/seeds.rb:11
  [1m[36mTodo Create (0.4ms)[0m  [1m[32mINSERT INTO "todos" ("title", "body", "done", "created_at", "updated_at") VALUES ($1, $2, $3, $4, $5) RETURNING "id"[0m  [["title", "attend"], ["body", "Ennui green juice kickstarter wayfarers echo slow-carb mustache lumbersexual cold-pressed."], ["done", false], ["created_at", "2020-11-30 23:26:40.416868"], ["updated_at", "2020-11-30 23:26:40.416868"]]
  ↳ db/seeds.rb:11
  [1m[35m (0.4ms)[0m  [1m[35mCOMMIT[0m
  ↳ db/seeds.rb:11
  [1m[35m (0.1ms)[0m  [1m[35mBEGIN[0m
  ↳ db/seeds.rb:11
  [1m[36mTodo Create (0.5ms)[0m  [1m[32mINSERT INTO "todos" ("title", "body", "done", "created_at", "updated_at") VALUES ($1, $2, $3, $4, $5) RETURNING "id"[0m  [["title", "scald"], ["body", "Meh literally goth taxidermy cardigan offal."], ["done", false], ["created_at", "2020-11-30 23:26:40.419223"], ["updated_at", "2020-11-30 23:26:40.419223"]]
  ↳ db/seeds.rb:11
  [1m[35m (0.9ms)[0m  [1m[35mCOMMIT[0m
  ↳ db/seeds.rb:11
  [1m[35m (0.2ms)[0m  [1m[35mBEGIN[0m
  ↳ db/seeds.rb:11
  [1m[36mTodo Create (0.4ms)[0m  [1m[32mINSERT INTO "todos" ("title", "body", "done", "created_at", "updated_at") VALUES ($1, $2, $3, $4, $5) RETURNING "id"[0m  [["title", "split"], ["body", "Food truck tote bag banh mi tofu asymmetrical meggings keffiyeh."], ["done", false], ["created_at", "2020-11-30 23:26:40.425197"], ["updated_at", "2020-11-30 23:26:40.425197"]]
  ↳ db/seeds.rb:11
  [1m[35m (0.4ms)[0m  [1m[35mCOMMIT[0m
  ↳ db/seeds.rb:11
  [1m[35m (0.6ms)[0m  [1m[35mBEGIN[0m
  ↳ db/seeds.rb:11
  [1m[36mTodo Create (0.4ms)[0m  [1m[32mINSERT INTO "todos" ("title", "body", "done", "created_at", "updated_at") VALUES ($1, $2, $3, $4, $5) RETURNING "id"[0m  [["title", "spray"], ["body", "Helvetica heirloom tote bag truffaut organic roof green juice."], ["done", false], ["created_at", "2020-11-30 23:26:40.428337"], ["updated_at", "2020-11-30 23:26:40.428337"]]
  ↳ db/seeds.rb:11
  [1m[35m (0.4ms)[0m  [1m[35mCOMMIT[0m
  ↳ db/seeds.rb:11
  [1m[35m (0.1ms)[0m  [1m[35mBEGIN[0m
  ↳ db/seeds.rb:11
  [1m[36mTodo Create (0.5ms)[0m  [1m[32mINSERT INTO "todos" ("title", "body", "done", "created_at", "updated_at") VALUES ($1, $2, $3, $4, $5) RETURNING "id"[0m  [["title", "shock"], ["body", "Selvage yuccie meggings wes anderson tumblr."], ["done", false], ["created_at", "2020-11-30 23:26:40.431026"], ["updated_at", "2020-11-30 23:26:40.431026"]]
  ↳ db/seeds.rb:11
  [1m[35m (0.5ms)[0m  [1m[35mCOMMIT[0m
  ↳ db/seeds.rb:11
  [1m[35m (0.4ms)[0m  [1m[35mBEGIN[0m
  ↳ db/seeds.rb:11
  [1m[36mTodo Create (0.9ms)[0m  [1m[32mINSERT INTO "todos" ("title", "body", "done", "created_at", "updated_at") VALUES ($1, $2, $3, $4, $5) RETURNING "id"[0m  [["title", "mash"], ["body", "Pickled taxidermy thundercats fanny pack."], ["done", false], ["created_at", "2020-11-30 23:26:40.436790"], ["updated_at", "2020-11-30 23:26:40.436790"]]
  ↳ db/seeds.rb:11
  [1m[35m (20.5ms)[0m  [1m[35mCOMMIT[0m
  ↳ db/seeds.rb:11
  [1m[36mTodo Load (11.1ms)[0m  [1m[34mSELECT  "todos".* FROM "todos" ORDER BY "todos"."id" DESC LIMIT $1[0m  [["LIMIT", 1]]
Started GET "/" for ::1 at 2020-11-30 15:27:56 -0800
  [1m[35m (1.6ms)[0m  [1m[34mSELECT "schema_migrations"."version" FROM "schema_migrations" ORDER BY "schema_migrations"."version" ASC[0m
  ↳ /Users/hienbui/.rbenv/versions/2.5.1/lib/ruby/gems/2.5.0/gems/activerecord-5.2.4.4/lib/active_record/log_subscriber.rb:98
Processing by StaticPagesController#root as HTML
  Rendering static_pages/root.html.erb within layouts/application
  Rendered static_pages/root.html.erb within layouts/application (1.7ms)
Completed 200 OK in 8966ms (Views: 8921.1ms | ActiveRecord: 0.0ms)


Started GET "/" for 127.0.0.1 at 2020-11-30 15:28:14 -0800
Processing by StaticPagesController#root as HTML
  Rendering static_pages/root.html.erb within layouts/application
  Rendered static_pages/root.html.erb within layouts/application (0.4ms)
Completed 200 OK in 188ms (Views: 184.7ms | ActiveRecord: 0.0ms)


Started GET "/" for 127.0.0.1 at 2020-11-30 15:29:33 -0800
Processing by StaticPagesController#root as HTML
  Rendering static_pages/root.html.erb within layouts/application
  Rendered static_pages/root.html.erb within layouts/application (0.7ms)
Completed 200 OK in 410ms (Views: 394.2ms | ActiveRecord: 0.0ms)


Started GET "/" for ::1 at 2020-11-30 15:30:44 -0800
Processing by StaticPagesController#root as HTML
  Rendering static_pages/root.html.erb within layouts/application
  Rendered static_pages/root.html.erb within layouts/application (0.9ms)
Completed 200 OK in 153ms (Views: 146.9ms | ActiveRecord: 0.0ms)


Started GET "/" for 127.0.0.1 at 2020-11-30 15:31:22 -0800
Processing by StaticPagesController#root as HTML
  Rendering static_pages/root.html.erb within layouts/application
  Rendered static_pages/root.html.erb within layouts/application (0.5ms)
Completed 200 OK in 290ms (Views: 279.4ms | ActiveRecord: 0.0ms)


Started GET "/" for ::1 at 2020-11-30 15:31:26 -0800
Processing by StaticPagesController#root as HTML
  Rendering static_pages/root.html.erb within layouts/application
  Rendered static_pages/root.html.erb within layouts/application (0.6ms)
Completed 200 OK in 121ms (Views: 106.6ms | ActiveRecord: 0.0ms)


Started GET "/" for ::1 at 2020-11-30 15:31:30 -0800
Processing by StaticPagesController#root as HTML
  Rendering static_pages/root.html.erb within layouts/application
  Rendered static_pages/root.html.erb within layouts/application (0.6ms)
Completed 200 OK in 145ms (Views: 137.7ms | ActiveRecord: 0.0ms)


Started GET "/api/todos" for ::1 at 2020-11-30 15:31:46 -0800
Processing by Api::TodosController#index as JSON
  [1m[36mTodo Load (15.5ms)[0m  [1m[34mSELECT "todos".* FROM "todos"[0m
  ↳ app/controllers/api/todos_controller.rb:18
Completed 200 OK in 235ms (Views: 123.4ms | ActiveRecord: 66.4ms)


Started GET "/api/todos" for 127.0.0.1 at 2020-11-30 15:31:47 -0800
Processing by Api::TodosController#index as JSON
  [1m[36mTodo Load (2.3ms)[0m  [1m[34mSELECT "todos".* FROM "todos"[0m
  ↳ app/controllers/api/todos_controller.rb:18
Completed 200 OK in 22ms (Views: 19.6ms | ActiveRecord: 2.3ms)


Started GET "/" for 127.0.0.1 at 2020-11-30 15:32:30 -0800
Processing by StaticPagesController#root as HTML
  Rendering static_pages/root.html.erb within layouts/application
  Rendered static_pages/root.html.erb within layouts/application (0.8ms)
Completed 200 OK in 440ms (Views: 428.5ms | ActiveRecord: 0.0ms)


Started GET "/api/todos" for 127.0.0.1 at 2020-11-30 15:33:53 -0800
Processing by Api::TodosController#index as JSON
  [1m[36mTodo Load (23.4ms)[0m  [1m[34mSELECT "todos".* FROM "todos"[0m
  ↳ app/controllers/api/todos_controller.rb:18
Completed 200 OK in 109ms (Views: 85.4ms | ActiveRecord: 23.4ms)


Started GET "/api/todos" for ::1 at 2020-11-30 15:34:03 -0800
Processing by Api::TodosController#index as JSON
  [1m[36mTodo Load (31.6ms)[0m  [1m[34mSELECT "todos".* FROM "todos"[0m
  ↳ app/controllers/api/todos_controller.rb:18
Completed 200 OK in 81ms (Views: 49.3ms | ActiveRecord: 31.6ms)


Started GET "/" for ::1 at 2020-11-30 15:34:06 -0800
Processing by StaticPagesController#root as HTML
  Rendering static_pages/root.html.erb within layouts/application
  Rendered static_pages/root.html.erb within layouts/application (1.3ms)
Completed 200 OK in 236ms (Views: 221.5ms | ActiveRecord: 0.0ms)


Started GET "/" for ::1 at 2020-11-30 15:36:21 -0800
Processing by StaticPagesController#root as HTML
  Rendering static_pages/root.html.erb within layouts/application
  Rendered static_pages/root.html.erb within layouts/application (0.6ms)
Started GET "/" for 127.0.0.1 at 2020-11-30 15:36:23 -0800
Processing by StaticPagesController#root as HTML
  Rendering static_pages/root.html.erb within layouts/application
  Rendered static_pages/root.html.erb within layouts/application (0.7ms)
Completed 200 OK in 2677ms (Views: 2669.9ms | ActiveRecord: 0.0ms)


Completed 200 OK in 1942ms (Views: 1936.7ms | ActiveRecord: 0.0ms)


Started GET "/" for 127.0.0.1 at 2020-11-30 15:37:06 -0800
Processing by StaticPagesController#root as HTML
  Rendering static_pages/root.html.erb within layouts/application
  Rendered static_pages/root.html.erb within layouts/application (1.9ms)
Completed 200 OK in 85ms (Views: 77.9ms | ActiveRecord: 0.0ms)


Started GET "/" for 127.0.0.1 at 2020-11-30 15:37:09 -0800
Processing by StaticPagesController#root as HTML
  Rendering static_pages/root.html.erb within layouts/application
  Rendered static_pages/root.html.erb within layouts/application (0.6ms)
Completed 200 OK in 83ms (Views: 68.3ms | ActiveRecord: 0.0ms)


